{"C:\\Users\\LABORATORIA\\Desktop\\BOOTCAMP-FRONTEND-REACT-NTT\\directo-a-mi-casa\\src\\app\\services\\fetchProducts.ts": {"path":"C:\\Users\\LABORATORIA\\Desktop\\BOOTCAMP-FRONTEND-REACT-NTT\\directo-a-mi-casa\\src\\app\\services\\fetchProducts.ts","statementMap":{"0":{"start":{"line":1,"column":0},"end":{"line":1,"column":57}},"1":{"start":{"line":2,"column":0},"end":{"line":2,"column":69}},"2":{"start":{"line":3,"column":0},"end":{"line":3,"column":57}},"3":{"start":{"line":11,"column":32},"end":{"line":21,"column":1}},"4":{"start":{"line":12,"column":4},"end":{"line":20,"column":5}},"5":{"start":{"line":13,"column":25},"end":{"line":13,"column":99}},"6":{"start":{"line":14,"column":8},"end":{"line":14,"column":82}},"7":{"start":{"line":14,"column":26},"end":{"line":14,"column":82}},"8":{"start":{"line":15,"column":21},"end":{"line":15,"column":42}},"9":{"start":{"line":16,"column":8},"end":{"line":16,"column":45}},"10":{"start":{"line":18,"column":8},"end":{"line":18,"column":64}},"11":{"start":{"line":19,"column":8},"end":{"line":19,"column":20}},"12":{"start":{"line":11,"column":13},"end":{"line":11,"column":32}},"13":{"start":{"line":26,"column":34},"end":{"line":37,"column":1}},"14":{"start":{"line":27,"column":4},"end":{"line":36,"column":5}},"15":{"start":{"line":28,"column":25},"end":{"line":28,"column":106}},"16":{"start":{"line":29,"column":8},"end":{"line":29,"column":77}},"17":{"start":{"line":29,"column":26},"end":{"line":29,"column":77}},"18":{"start":{"line":30,"column":46},"end":{"line":30,"column":67}},"19":{"start":{"line":32,"column":8},"end":{"line":32,"column":26}},"20":{"start":{"line":34,"column":8},"end":{"line":34,"column":65}},"21":{"start":{"line":35,"column":8},"end":{"line":35,"column":20}},"22":{"start":{"line":26,"column":13},"end":{"line":26,"column":34}},"23":{"start":{"line":42,"column":39},"end":{"line":52,"column":1}},"24":{"start":{"line":43,"column":4},"end":{"line":51,"column":5}},"25":{"start":{"line":44,"column":25},"end":{"line":44,"column":117}},"26":{"start":{"line":45,"column":8},"end":{"line":45,"column":100}},"27":{"start":{"line":45,"column":26},"end":{"line":45,"column":100}},"28":{"start":{"line":46,"column":21},"end":{"line":46,"column":42}},"29":{"start":{"line":47,"column":8},"end":{"line":47,"column":45}},"30":{"start":{"line":49,"column":8},"end":{"line":49,"column":74}},"31":{"start":{"line":50,"column":8},"end":{"line":50,"column":20}},"32":{"start":{"line":42,"column":13},"end":{"line":42,"column":39}},"33":{"start":{"line":57,"column":34},"end":{"line":67,"column":1}},"34":{"start":{"line":58,"column":4},"end":{"line":66,"column":5}},"35":{"start":{"line":59,"column":25},"end":{"line":59,"column":111}},"36":{"start":{"line":60,"column":8},"end":{"line":60,"column":74}},"37":{"start":{"line":60,"column":26},"end":{"line":60,"column":74}},"38":{"start":{"line":61,"column":21},"end":{"line":61,"column":42}},"39":{"start":{"line":62,"column":8},"end":{"line":62,"column":38}},"40":{"start":{"line":64,"column":8},"end":{"line":64,"column":76}},"41":{"start":{"line":65,"column":8},"end":{"line":65,"column":20}},"42":{"start":{"line":57,"column":13},"end":{"line":57,"column":34}},"43":{"start":{"line":72,"column":38},"end":{"line":82,"column":1}},"44":{"start":{"line":73,"column":4},"end":{"line":81,"column":5}},"45":{"start":{"line":74,"column":25},"end":{"line":74,"column":127}},"46":{"start":{"line":75,"column":8},"end":{"line":75,"column":82}},"47":{"start":{"line":75,"column":26},"end":{"line":75,"column":82}},"48":{"start":{"line":76,"column":21},"end":{"line":76,"column":42}},"49":{"start":{"line":77,"column":8},"end":{"line":77,"column":29}},"50":{"start":{"line":79,"column":8},"end":{"line":79,"column":70}},"51":{"start":{"line":80,"column":8},"end":{"line":80,"column":20}},"52":{"start":{"line":72,"column":13},"end":{"line":72,"column":38}},"53":{"start":{"line":87,"column":37},"end":{"line":97,"column":1}},"54":{"start":{"line":88,"column":4},"end":{"line":96,"column":5}},"55":{"start":{"line":89,"column":25},"end":{"line":89,"column":144}},"56":{"start":{"line":90,"column":8},"end":{"line":90,"column":82}},"57":{"start":{"line":90,"column":26},"end":{"line":90,"column":82}},"58":{"start":{"line":91,"column":21},"end":{"line":91,"column":42}},"59":{"start":{"line":92,"column":8},"end":{"line":92,"column":29}},"60":{"start":{"line":94,"column":8},"end":{"line":94,"column":70}},"61":{"start":{"line":95,"column":8},"end":{"line":95,"column":20}},"62":{"start":{"line":87,"column":13},"end":{"line":87,"column":37}},"63":{"start":{"line":102,"column":35},"end":{"line":112,"column":1}},"64":{"start":{"line":103,"column":4},"end":{"line":111,"column":5}},"65":{"start":{"line":104,"column":25},"end":{"line":104,"column":131}},"66":{"start":{"line":105,"column":8},"end":{"line":105,"column":72}},"67":{"start":{"line":105,"column":26},"end":{"line":105,"column":72}},"68":{"start":{"line":106,"column":21},"end":{"line":106,"column":42}},"69":{"start":{"line":107,"column":8},"end":{"line":107,"column":29}},"70":{"start":{"line":109,"column":8},"end":{"line":109,"column":60}},"71":{"start":{"line":110,"column":8},"end":{"line":110,"column":20}},"72":{"start":{"line":102,"column":13},"end":{"line":102,"column":35}},"73":{"start":{"line":114,"column":13},"end":{"line":122,"column":2}}},"fnMap":{"0":{"name":"(anonymous_1)","decl":{"start":{"line":11,"column":32},"end":{"line":11,"column":37}},"loc":{"start":{"line":11,"column":63},"end":{"line":21,"column":1}}},"1":{"name":"(anonymous_2)","decl":{"start":{"line":26,"column":34},"end":{"line":26,"column":39}},"loc":{"start":{"line":26,"column":73},"end":{"line":37,"column":1}}},"2":{"name":"(anonymous_3)","decl":{"start":{"line":42,"column":39},"end":{"line":42,"column":44}},"loc":{"start":{"line":42,"column":86},"end":{"line":52,"column":1}}},"3":{"name":"(anonymous_4)","decl":{"start":{"line":57,"column":34},"end":{"line":57,"column":39}},"loc":{"start":{"line":57,"column":80},"end":{"line":67,"column":1}}},"4":{"name":"(anonymous_5)","decl":{"start":{"line":72,"column":38},"end":{"line":72,"column":43}},"loc":{"start":{"line":72,"column":96},"end":{"line":82,"column":1}}},"5":{"name":"(anonymous_6)","decl":{"start":{"line":87,"column":37},"end":{"line":87,"column":42}},"loc":{"start":{"line":87,"column":111},"end":{"line":97,"column":1}}},"6":{"name":"(anonymous_7)","decl":{"start":{"line":102,"column":35},"end":{"line":102,"column":40}},"loc":{"start":{"line":102,"column":103},"end":{"line":112,"column":1}}}},"branchMap":{"0":{"loc":{"start":{"line":14,"column":8},"end":{"line":14,"column":82}},"type":"if","locations":[{"start":{"line":14,"column":8},"end":{"line":14,"column":82}}]},"1":{"loc":{"start":{"line":29,"column":8},"end":{"line":29,"column":77}},"type":"if","locations":[{"start":{"line":29,"column":8},"end":{"line":29,"column":77}}]},"2":{"loc":{"start":{"line":45,"column":8},"end":{"line":45,"column":100}},"type":"if","locations":[{"start":{"line":45,"column":8},"end":{"line":45,"column":100}}]},"3":{"loc":{"start":{"line":60,"column":8},"end":{"line":60,"column":74}},"type":"if","locations":[{"start":{"line":60,"column":8},"end":{"line":60,"column":74}}]},"4":{"loc":{"start":{"line":75,"column":8},"end":{"line":75,"column":82}},"type":"if","locations":[{"start":{"line":75,"column":8},"end":{"line":75,"column":82}}]},"5":{"loc":{"start":{"line":90,"column":8},"end":{"line":90,"column":82}},"type":"if","locations":[{"start":{"line":90,"column":8},"end":{"line":90,"column":82}}]},"6":{"loc":{"start":{"line":105,"column":8},"end":{"line":105,"column":72}},"type":"if","locations":[{"start":{"line":105,"column":8},"end":{"line":105,"column":72}}]}},"s":{"0":1,"1":1,"2":1,"3":1,"4":2,"5":2,"6":2,"7":1,"8":1,"9":1,"10":1,"11":1,"12":1,"13":1,"14":2,"15":2,"16":2,"17":1,"18":1,"19":1,"20":1,"21":1,"22":1,"23":1,"24":2,"25":2,"26":2,"27":1,"28":1,"29":1,"30":1,"31":1,"32":1,"33":1,"34":2,"35":2,"36":2,"37":1,"38":1,"39":1,"40":1,"41":1,"42":1,"43":1,"44":2,"45":2,"46":2,"47":1,"48":1,"49":1,"50":1,"51":1,"52":1,"53":1,"54":2,"55":2,"56":2,"57":1,"58":1,"59":1,"60":1,"61":1,"62":1,"63":1,"64":3,"65":3,"66":3,"67":1,"68":2,"69":2,"70":1,"71":1,"72":1,"73":1},"f":{"0":2,"1":2,"2":2,"3":2,"4":2,"5":2,"6":3},"b":{"0":[1],"1":[1],"2":[1],"3":[1],"4":[1],"5":[1],"6":[1]}}
,"C:\\Users\\LABORATORIA\\Desktop\\BOOTCAMP-FRONTEND-REACT-NTT\\directo-a-mi-casa\\src\\environments\\environment.ts": {"path":"C:\\Users\\LABORATORIA\\Desktop\\BOOTCAMP-FRONTEND-REACT-NTT\\directo-a-mi-casa\\src\\environments\\environment.ts","statementMap":{"0":{"start":{"line":1,"column":20},"end":{"line":8,"column":4}},"1":{"start":{"line":10,"column":2},"end":{"line":10,"column":29}}},"fnMap":{},"branchMap":{},"s":{"0":1,"1":1},"f":{},"b":{}}
}
