TN:
SF:src\App.tsx
FN:11,(anonymous_1)
FNF:1
FNH:0
FNDA:0,(anonymous_1)
DA:2,0
DA:3,0
DA:4,0
DA:5,0
DA:6,0
DA:7,0
DA:8,0
DA:9,0
DA:11,0
DA:12,0
DA:29,0
LF:11
LH:0
BRF:0
BRH:0
end_of_record
TN:
SF:src\main.tsx
FNF:0
FNH:0
DA:1,0
DA:2,0
DA:3,0
DA:5,0
DA:7,0
DA:8,0
DA:9,0
DA:10,0
DA:11,0
DA:13,0
LF:10
LH:0
BRF:0
BRH:0
end_of_record
TN:
SF:src\vite-env.d.ts
FNF:0
FNH:0
LF:0
LH:0
BRF:0
BRH:0
end_of_record
TN:
SF:src\Layout\Footer\Footer.tsx
FN:5,Footer
FNF:1
FNH:0
FNDA:0,Footer
DA:6,0
DA:65,0
LF:2
LH:0
BRF:0
BRH:0
end_of_record
TN:
SF:src\app\context\CartContext.tsx
FN:15,(anonymous_0)
FN:18,(anonymous_1)
FN:32,(anonymous_2)
FN:33,(anonymous_3)
FN:54,(anonymous_4)
FNF:5
FNH:0
FNDA:0,(anonymous_0)
FNDA:0,(anonymous_1)
FNDA:0,(anonymous_2)
FNDA:0,(anonymous_3)
FNDA:0,(anonymous_4)
DA:1,0
DA:2,0
DA:13,0
DA:15,0
DA:16,0
DA:18,0
DA:19,0
DA:20,0
DA:21,0
DA:24,0
DA:32,0
DA:33,0
DA:36,0
DA:54,0
DA:55,0
DA:57,0
DA:58,0
DA:61,0
LF:18
LH:0
BRDA:19,0,0,0
BRDA:19,1,0,0
BRDA:19,1,1,0
BRDA:57,2,0,0
BRF:4
BRH:0
end_of_record
TN:
SF:src\app\context\CartReducer.tsx
FN:20,(anonymous_0)
FN:26,(anonymous_1)
FN:32,(anonymous_2)
FN:50,(anonymous_3)
FN:58,(anonymous_4)
FN:69,(anonymous_5)
FNF:6
FNH:0
FNDA:0,(anonymous_0)
FNDA:0,(anonymous_1)
FNDA:0,(anonymous_2)
FNDA:0,(anonymous_3)
FNDA:0,(anonymous_4)
FNDA:0,(anonymous_5)
DA:9,0
DA:20,0
DA:22,0
DA:25,0
DA:26,0
DA:29,0
DA:30,0
DA:33,0
DA:40,0
DA:47,0
DA:50,0
DA:56,0
DA:59,0
DA:67,0
DA:70,0
DA:81,0
DA:87,0
DA:88,0
LF:18
LH:0
BRDA:22,0,0,0
BRDA:22,0,1,0
BRDA:22,0,2,0
BRDA:22,0,3,0
BRDA:22,0,4,0
BRDA:22,0,5,0
BRDA:29,1,0,0
BRDA:33,2,0,0
BRDA:33,2,1,0
BRDA:34,3,0,0
BRDA:34,3,1,0
BRDA:59,4,0,0
BRDA:59,4,1,0
BRDA:60,5,0,0
BRDA:60,5,1,0
BRDA:70,6,0,0
BRDA:70,6,1,0
BRDA:73,7,0,0
BRDA:73,7,1,0
BRF:19
BRH:0
end_of_record
TN:
SF:src\app\context\ProductReducer.tsx
FN:16,(anonymous_0)
FNF:1
FNH:0
FNDA:0,(anonymous_0)
DA:4,0
DA:16,0
DA:20,0
DA:22,0
DA:25,0
DA:28,0
DA:37,0
DA:45,0
DA:53,0
DA:61,0
DA:64,0
DA:67,0
DA:75,0
DA:78,0
LF:14
LH:0
BRDA:20,0,0,0
BRDA:20,0,1,0
BRDA:20,0,2,0
BRDA:20,0,3,0
BRDA:20,0,4,0
BRDA:20,0,5,0
BRDA:20,0,6,0
BRDA:20,0,7,0
BRDA:20,0,8,0
BRDA:20,0,9,0
BRDA:20,0,10,0
BRF:11
BRH:0
end_of_record
TN:
SF:src\app\pages\Home\Home.tsx
FN:8,(anonymous_1)
FNF:1
FNH:0
FNDA:0,(anonymous_1)
DA:1,0
DA:2,0
DA:3,0
DA:4,0
DA:5,0
DA:6,0
DA:8,0
DA:9,0
DA:25,0
LF:9
LH:0
BRF:0
BRH:0
end_of_record
TN:
SF:src\app\pages\Init\Init.tsx
FN:11,(anonymous_1)
FN:31,(anonymous_2)
FNF:2
FNH:0
FNDA:0,(anonymous_1)
FNDA:0,(anonymous_2)
DA:2,0
DA:3,0
DA:4,0
DA:5,0
DA:11,0
DA:12,0
DA:13,0
DA:15,0
DA:32,0
DA:46,0
LF:10
LH:0
BRDA:19,0,0,0
BRDA:19,0,1,0
BRDA:22,1,0,0
BRDA:22,1,1,0
BRDA:25,2,0,0
BRDA:25,2,1,0
BRDA:25,2,2,0
BRDA:27,3,0,0
BRDA:27,3,1,0
BRDA:29,4,0,0
BRDA:29,4,1,0
BRF:11
BRH:0
end_of_record
TN:
SF:src\app\pages\Login\Login.tsx
FN:1,(anonymous_0)
FNF:1
FNH:0
FNDA:0,(anonymous_0)
DA:1,0
DA:2,0
DA:5,0
LF:3
LH:0
BRF:0
BRH:0
end_of_record
TN:
SF:src\app\pages\Resumen\ResumenPage.tsx
FN:25,(anonymous_1)
FN:40,(anonymous_2)
FN:54,(anonymous_3)
FN:58,(anonymous_4)
FN:76,(anonymous_5)
FN:78,(anonymous_6)
FN:81,(anonymous_7)
FN:85,(anonymous_8)
FN:96,(anonymous_9)
FN:120,(anonymous_10)
FN:133,(anonymous_11)
FN:139,(anonymous_12)
FN:169,(anonymous_13)
FN:170,(anonymous_14)
FN:171,(anonymous_15)
FNF:15
FNH:0
FNDA:0,(anonymous_1)
FNDA:0,(anonymous_2)
FNDA:0,(anonymous_3)
FNDA:0,(anonymous_4)
FNDA:0,(anonymous_5)
FNDA:0,(anonymous_6)
FNDA:0,(anonymous_7)
FNDA:0,(anonymous_8)
FNDA:0,(anonymous_9)
FNDA:0,(anonymous_10)
FNDA:0,(anonymous_11)
FNDA:0,(anonymous_12)
FNDA:0,(anonymous_13)
FNDA:0,(anonymous_14)
FNDA:0,(anonymous_15)
DA:1,0
DA:2,0
DA:3,0
DA:4,0
DA:6,0
DA:8,0
DA:9,0
DA:10,0
DA:11,0
DA:12,0
DA:15,0
DA:25,0
DA:40,0
DA:41,0
DA:42,0
DA:43,0
DA:44,0
DA:45,0
DA:46,0
DA:47,0
DA:48,0
DA:51,0
DA:53,0
DA:54,0
DA:58,0
DA:59,0
DA:62,0
DA:64,0
DA:66,0
DA:69,0
DA:71,0
DA:76,0
DA:77,0
DA:78,0
DA:80,0
DA:81,0
DA:85,0
DA:86,0
DA:88,0
DA:89,0
DA:90,0
DA:91,0
DA:92,0
DA:95,0
DA:96,0
DA:97,0
DA:98,0
DA:101,0
DA:102,0
DA:103,0
DA:104,0
DA:105,0
DA:106,0
DA:109,0
DA:110,0
DA:111,0
DA:112,0
DA:115,0
DA:116,0
DA:120,0
DA:121,0
DA:122,0
DA:123,0
DA:124,0
DA:126,0
DA:127,0
DA:128,0
DA:133,0
DA:134,0
DA:135,0
DA:139,0
DA:140,0
DA:142,0
DA:143,0
DA:147,0
DA:169,0
DA:170,0
DA:171,0
DA:200,0
LF:79
LH:0
BRDA:26,0,0,0
BRDA:26,0,1,0
BRDA:27,1,0,0
BRDA:27,1,1,0
BRDA:28,2,0,0
BRDA:28,2,1,0
BRDA:29,3,0,0
BRDA:29,3,1,0
BRDA:30,4,0,0
BRDA:30,4,1,0
BRDA:31,5,0,0
BRDA:31,5,1,0
BRDA:32,6,0,0
BRDA:32,6,1,0
BRDA:33,7,0,0
BRDA:33,7,1,0
BRDA:54,8,0,0
BRDA:54,8,1,0
BRDA:59,9,0,0
BRDA:59,9,1,0
BRDA:59,9,2,0
BRDA:59,9,3,0
BRDA:59,9,4,0
BRDA:59,9,5,0
BRDA:59,9,6,0
BRDA:62,10,0,0
BRDA:62,10,1,0
BRDA:64,11,0,0
BRDA:64,11,1,0
BRDA:66,12,0,0
BRDA:66,12,1,0
BRDA:69,13,0,0
BRDA:69,13,1,0
BRDA:88,14,0,0
BRDA:98,15,0,0
BRDA:101,16,0,0
BRDA:121,17,0,0
BRDA:121,17,1,0
BRDA:142,18,0,0
BRDA:155,19,0,0
BRDA:155,19,1,0
BRDA:165,20,0,0
BRDA:165,20,1,0
BRDA:192,21,0,0
BRDA:192,21,1,0
BRF:45
BRH:0
end_of_record
TN:
SF:src\app\routes\routes.ts
FN:1,(anonymous_0)
FNF:1
FNH:0
FNDA:0,(anonymous_0)
DA:1,0
DA:2,0
DA:3,0
DA:4,0
DA:5,0
DA:6,0
DA:7,0
DA:8,0
LF:8
LH:0
BRDA:1,0,0,0
BRDA:1,0,1,0
BRF:2
BRH:0
end_of_record
TN:
SF:src\app\services\fetchProducts.ts
FN:11,(anonymous_1)
FN:26,(anonymous_2)
FN:42,(anonymous_3)
FN:57,(anonymous_4)
FN:72,(anonymous_5)
FN:87,(anonymous_6)
FN:102,(anonymous_7)
FNF:7
FNH:7
FNDA:2,(anonymous_1)
FNDA:2,(anonymous_2)
FNDA:2,(anonymous_3)
FNDA:2,(anonymous_4)
FNDA:2,(anonymous_5)
FNDA:2,(anonymous_6)
FNDA:3,(anonymous_7)
DA:1,1
DA:2,1
DA:3,1
DA:11,1
DA:12,2
DA:13,2
DA:14,2
DA:15,1
DA:16,1
DA:18,1
DA:19,1
DA:26,1
DA:27,2
DA:28,2
DA:29,2
DA:30,1
DA:32,1
DA:34,1
DA:35,1
DA:42,1
DA:43,2
DA:44,2
DA:45,2
DA:46,1
DA:47,1
DA:49,1
DA:50,1
DA:57,1
DA:58,2
DA:59,2
DA:60,2
DA:61,1
DA:62,1
DA:64,1
DA:65,1
DA:72,1
DA:73,2
DA:74,2
DA:75,2
DA:76,1
DA:77,1
DA:79,1
DA:80,1
DA:87,1
DA:88,2
DA:89,2
DA:90,2
DA:91,1
DA:92,1
DA:94,1
DA:95,1
DA:102,1
DA:103,3
DA:104,3
DA:105,3
DA:106,2
DA:107,2
DA:109,1
DA:110,1
DA:114,1
LF:60
LH:60
BRDA:14,0,0,1
BRDA:29,1,0,1
BRDA:45,2,0,1
BRDA:60,3,0,1
BRDA:75,4,0,1
BRDA:90,5,0,1
BRDA:105,6,0,1
BRF:7
BRH:7
end_of_record
TN:
SF:src\components\Carousel\Carousel.tsx
FN:7,(anonymous_0)
FNF:1
FNH:0
FNDA:0,(anonymous_0)
DA:7,0
DA:8,0
DA:27,0
LF:3
LH:0
BRF:0
BRH:0
end_of_record
TN:
SF:src\components\CategoryItem\CategoryItem.tsx
FN:16,(anonymous_0)
FN:27,(anonymous_1)
FN:31,(anonymous_2)
FNF:3
FNH:0
FNDA:0,(anonymous_0)
FNDA:0,(anonymous_1)
FNDA:0,(anonymous_2)
DA:3,0
DA:16,0
DA:17,0
DA:27,0
DA:29,0
DA:32,0
DA:43,0
LF:7
LH:0
BRF:0
BRH:0
end_of_record
TN:
SF:src\components\CategorySection\CategoriesSection.tsx
FN:18,(anonymous_0)
FN:40,(anonymous_1)
FN:45,(anonymous_2)
FNF:3
FNH:0
FNDA:0,(anonymous_0)
FNDA:0,(anonymous_1)
FNDA:0,(anonymous_2)
DA:3,0
DA:18,0
DA:19,0
DA:40,0
DA:43,0
DA:46,0
DA:56,0
LF:7
LH:0
BRF:0
BRH:0
end_of_record
TN:
SF:src\components\OrderForm\OrderForm.tsx
FN:15,(anonymous_0)
FN:40,(anonymous_1)
FN:53,(anonymous_2)
FNF:3
FNH:0
FNDA:0,(anonymous_0)
FNDA:0,(anonymous_1)
FNDA:0,(anonymous_2)
DA:2,0
DA:15,0
DA:23,0
DA:41,0
DA:54,0
DA:106,0
LF:6
LH:0
BRDA:45,0,0,0
BRDA:45,0,1,0
BRDA:62,1,0,0
BRDA:62,1,1,0
BRDA:68,2,0,0
BRDA:68,2,1,0
BRF:6
BRH:0
end_of_record
TN:
SF:src\components\OrderSummary\OrderSumary.tsx
FN:13,(anonymous_0)
FN:34,(anonymous_1)
FN:45,(anonymous_2)
FN:52,(anonymous_3)
FN:61,(anonymous_4)
FNF:5
FNH:0
FNDA:0,(anonymous_0)
FNDA:0,(anonymous_1)
FNDA:0,(anonymous_2)
FNDA:0,(anonymous_3)
FNDA:0,(anonymous_4)
DA:2,0
DA:13,0
DA:21,0
DA:35,0
DA:45,0
DA:52,0
DA:61,0
DA:80,0
LF:8
LH:0
BRF:0
BRH:0
end_of_record
TN:
SF:src\components\RenderCategories\renderCategories.tsx
FN:15,(anonymous_0)
FN:28,(anonymous_1)
FN:32,(anonymous_2)
FNF:3
FNH:0
FNDA:0,(anonymous_0)
FNDA:0,(anonymous_1)
FNDA:0,(anonymous_2)
DA:15,0
DA:21,0
DA:22,0
DA:25,0
DA:29,0
DA:32,0
DA:41,0
LF:7
LH:0
BRDA:21,0,0,0
BRDA:21,1,0,0
BRDA:21,1,1,0
BRF:3
BRH:0
end_of_record
TN:
SF:src\components\SpecialOffers\SpecialOffers.tsx
FN:10,(anonymous_1)
FN:50,(anonymous_2)
FNF:2
FNH:0
FNDA:0,(anonymous_1)
FNDA:0,(anonymous_2)
DA:7,0
DA:8,0
DA:10,0
DA:11,0
DA:12,0
DA:15,0
DA:18,0
DA:20,0
DA:51,0
DA:65,0
LF:10
LH:0
BRDA:15,0,0,0
BRDA:18,1,0,0
BRDA:48,2,0,0
BRDA:48,2,1,0
BRDA:48,3,0,0
BRDA:48,3,1,0
BRF:6
BRH:0
end_of_record
TN:
SF:src\environments\environment.ts
FNF:0
FNH:0
DA:1,1
DA:10,1
LF:2
LH:2
BRF:0
BRH:0
end_of_record
TN:
SF:src\mappers\categoryMapper.ts
FN:3,mapCategory
FNF:1
FNH:0
FNDA:0,mapCategory
DA:3,0
DA:4,0
LF:2
LH:0
BRF:0
BRH:0
end_of_record
TN:
SF:src\mappers\productDetailMapper.ts
FN:3,mapProductDetail
FNF:1
FNH:0
FNDA:0,mapProductDetail
DA:3,0
DA:4,0
LF:2
LH:0
BRDA:13,0,0,0
BRDA:13,0,1,0
BRF:2
BRH:0
end_of_record
TN:
SF:src\mappers\productMapper.ts
FN:3,mapProduct
FNF:1
FNH:0
FNDA:0,mapProduct
DA:3,0
DA:4,0
LF:2
LH:0
BRDA:12,0,0,0
BRDA:12,0,1,0
BRF:2
BRH:0
end_of_record
TN:
SF:src\shared\components\CallToAction\CallToAction.tsx
FN:7,(anonymous_0)
FNF:1
FNH:0
FNDA:0,(anonymous_0)
DA:7,0
DA:8,0
DA:17,0
LF:3
LH:0
BRF:0
BRH:0
end_of_record
TN:
SF:src\shared\components\CategoryTitleBar\CategoryTitleBar.tsx
FN:8,(anonymous_0)
FNF:1
FNH:0
FNDA:0,(anonymous_0)
DA:2,0
DA:8,0
DA:9,0
DA:11,0
DA:29,0
LF:5
LH:0
BRF:0
BRH:0
end_of_record
TN:
SF:src\shared\components\Modal\Modal.tsx
FN:15,(anonymous_0)
FNF:1
FNH:0
FNDA:0,(anonymous_0)
DA:2,0
DA:15,0
DA:25,0
DA:27,0
DA:64,0
LF:5
LH:0
BRDA:22,0,0,0
BRDA:25,1,0,0
BRDA:35,2,0,0
BRDA:35,2,1,0
BRDA:41,3,0,0
BRDA:41,3,1,0
BRF:6
BRH:0
end_of_record
TN:
SF:src\shared\components\ProductCard\ProductCard.tsx
FN:14,(anonymous_0)
FN:32,(anonymous_1)
FN:40,(anonymous_2)
FN:52,(anonymous_3)
FNF:4
FNH:0
FNDA:0,(anonymous_0)
FNDA:0,(anonymous_1)
FNDA:0,(anonymous_2)
FNDA:0,(anonymous_3)
DA:3,0
DA:4,0
DA:5,0
DA:14,0
DA:15,0
DA:16,0
DA:17,0
DA:18,0
DA:20,0
DA:21,0
DA:22,0
DA:24,0
DA:25,0
DA:32,0
DA:33,0
DA:34,0
DA:40,0
DA:41,0
DA:42,0
DA:45,0
DA:53,0
DA:79,0
LF:22
LH:0
BRDA:20,0,0,0
BRDA:24,1,0,0
BRDA:24,2,0,0
BRDA:24,2,1,0
BRDA:24,2,2,0
BRDA:24,2,3,0
BRF:6
BRH:0
end_of_record
TN:
SF:src\shared\hooks\useDistricts.ts
FN:3,(anonymous_0)
FNF:1
FNH:0
FNDA:0,(anonymous_0)
DA:3,0
DA:4,0
DA:11,0
LF:3
LH:0
BRF:0
BRH:0
end_of_record
TN:
SF:src\shared\hooks\useProductNavigation.ts
FN:8,(anonymous_0)
FN:11,(anonymous_1)
FNF:2
FNH:0
FNDA:0,(anonymous_0)
FNDA:0,(anonymous_1)
DA:1,0
DA:2,0
DA:8,0
DA:9,0
DA:11,0
DA:12,0
DA:13,0
DA:14,0
DA:16,0
DA:17,0
DA:20,0
LF:11
LH:0
BRDA:12,0,0,0
BRDA:12,1,0,0
BRDA:12,1,1,0
BRF:3
BRH:0
end_of_record
TN:
SF:src\utils\helpers.ts
FN:9,(anonymous_0)
FN:12,(anonymous_1)
FN:23,(anonymous_2)
FN:30,(anonymous_3)
FNF:4
FNH:0
FNDA:0,(anonymous_0)
FNDA:0,(anonymous_1)
FNDA:0,(anonymous_2)
FNDA:0,(anonymous_3)
DA:9,0
DA:10,0
DA:12,0
DA:13,0
DA:23,0
DA:24,0
DA:25,0
DA:28,0
DA:30,0
LF:9
LH:0
BRDA:10,0,0,0
BRDA:24,1,0,0
BRDA:24,2,0,0
BRDA:24,2,1,0
BRF:4
BRH:0
end_of_record
TN:
SF:src\utils\navigate\navigationHelpers.ts
FN:7,(anonymous_0)
FN:11,(anonymous_1)
FN:15,(anonymous_2)
FN:22,(anonymous_3)
FN:25,(anonymous_4)
FNF:5
FNH:0
FNDA:0,(anonymous_0)
FNDA:0,(anonymous_1)
FNDA:0,(anonymous_2)
FNDA:0,(anonymous_3)
FNDA:0,(anonymous_4)
DA:1,0
DA:2,0
DA:7,0
DA:8,0
DA:11,0
DA:12,0
DA:15,0
DA:16,0
DA:19,0
DA:22,0
DA:23,0
DA:25,0
DA:26,0
DA:27,0
DA:28,0
DA:29,0
DA:32,0
LF:17
LH:0
BRF:0
BRH:0
end_of_record
